#-----------------------------------------------------------
# Vivado v2018.3 (64-bit)
# SW Build 2405991 on Thu Dec  6 23:38:27 MST 2018
# IP Build 2404404 on Fri Dec  7 01:43:56 MST 2018
# Start of session at: Thu Jul 30 20:41:13 2020
# Process ID: 9940
# Current directory: E:/Grade4th/XilinxSchool/Project/XilinxSummerSchool/Camera_Demo/Camera_Demo
# Command line: vivado.exe -gui_launcher_event rodinguilauncherevent18304 E:\Grade4th\XilinxSchool\Project\XilinxSummerSchool\Camera_Demo\Camera_Demo\Camera_Demo.xpr
# Log file: E:/Grade4th/XilinxSchool/Project/XilinxSummerSchool/Camera_Demo/Camera_Demo/vivado.log
# Journal file: E:/Grade4th/XilinxSchool/Project/XilinxSummerSchool/Camera_Demo/Camera_Demo\vivado.jou
#-----------------------------------------------------------
start_gui
open_project E:/Grade4th/XilinxSchool/Project/XilinxSummerSchool/Camera_Demo/Camera_Demo/Camera_Demo.xpr
INFO: [Project 1-313] Project file moved from 'C:/MyProject/MyFPGA/SEA-Tutorial/Camera_Demo' since last save.
CRITICAL WARNING: [Project 1-311] Could not find the file 'E:/Grade4th/XilinxSchool/Project/XilinxSummerSchool/Camera_Demo/Camera_Demo.srcs/sources_1/new/Clk_Division.v', nor could it be found using path 'C:/MyProject/MyFPGA/Camera_Demo/Camera_Demo.srcs/sources_1/new/Clk_Division.v'.
CRITICAL WARNING: [Project 1-311] Could not find the file 'E:/Grade4th/XilinxSchool/Project/XilinxSummerSchool/Camera_Demo/Camera_Demo.srcs/sources_1/new/Driver_SK6805.v', nor could it be found using path 'C:/MyProject/MyFPGA/Camera_Demo/Camera_Demo.srcs/sources_1/new/Driver_SK6805.v'.
CRITICAL WARNING: [Project 1-311] Could not find the file 'E:/Grade4th/XilinxSchool/Project/XilinxSummerSchool/Camera_Demo/Camera_Demo.srcs/sources_1/new/LED_Demo.v', nor could it be found using path 'C:/MyProject/MyFPGA/Camera_Demo/Camera_Demo.srcs/sources_1/new/LED_Demo.v'.
CRITICAL WARNING: [Project 1-311] Could not find the file 'E:/Grade4th/XilinxSchool/Project/XilinxSummerSchool/Camera_Demo/Camera_Demo.srcs/sources_1/new/RGB_LED_Task.v', nor could it be found using path 'C:/MyProject/MyFPGA/Camera_Demo/Camera_Demo.srcs/sources_1/new/RGB_LED_Task.v'.
CRITICAL WARNING: [Project 1-19] Could not find the file 'E:/FPGA-Demo-Project/Camera_Demo/tcl/Elimate_Constraints_Error.tcl'.
Scanning sources...
Finished scanning sources
INFO: [IP_Flow 19-234] Refreshing IP repositories
INFO: [IP_Flow 19-1700] Loaded user IP repository 'e:/Grade4th/XilinxSchool/Project/XilinxSummerSchool/Camera_Demo/Camera_Demo/IP_Core'.
INFO: [IP_Flow 19-2313] Loaded Vivado IP repository 'F:/Vivado/Vivado/2018.3/data/ip'.
open_project: Time (s): cpu = 00:00:23 ; elapsed = 00:00:10 . Memory (MB): peak = 978.645 ; gain = 380.191
update_compile_order -fileset sources_1
reset_run synth_1
launch_runs synth_1 -jobs 4
[Thu Jul 30 20:42:52 2020] Launched synth_1...
Run output will be captured here: E:/Grade4th/XilinxSchool/Project/XilinxSummerSchool/Camera_Demo/Camera_Demo/Camera_Demo.runs/synth_1/runme.log
reset_run synth_1
launch_runs synth_1 -jobs 4
[Thu Jul 30 20:44:40 2020] Launched synth_1...
Run output will be captured here: E:/Grade4th/XilinxSchool/Project/XilinxSummerSchool/Camera_Demo/Camera_Demo/Camera_Demo.runs/synth_1/runme.log
launch_runs impl_1 -jobs 4
[Thu Jul 30 20:45:29 2020] Launched impl_1...
Run output will be captured here: E:/Grade4th/XilinxSchool/Project/XilinxSummerSchool/Camera_Demo/Camera_Demo/Camera_Demo.runs/impl_1/runme.log
set_property  ip_repo_paths  {e:/Grade4th/XilinxSchool/Project/XilinxSummerSchool/Camera_Demo/Camera_Demo/IP_Core E:/Grade4th/XilinxSchool/SEA-Tutorial/SEA-Tutorial/IP_Core/Driver-SK6805-IP} [current_project]
update_ip_catalog
INFO: [IP_Flow 19-234] Refreshing IP repositories
INFO: [IP_Flow 19-1700] Loaded user IP repository 'e:/Grade4th/XilinxSchool/Project/XilinxSummerSchool/Camera_Demo/Camera_Demo/IP_Core'.
INFO: [IP_Flow 19-1700] Loaded user IP repository 'e:/Grade4th/XilinxSchool/SEA-Tutorial/SEA-Tutorial/IP_Core/Driver-SK6805-IP'.
launch_runs impl_1 -to_step write_bitstream -jobs 4
[Thu Jul 30 20:46:41 2020] Launched impl_1...
Run output will be captured here: E:/Grade4th/XilinxSchool/Project/XilinxSummerSchool/Camera_Demo/Camera_Demo/Camera_Demo.runs/impl_1/runme.log
export_ip_user_files -of_objects  [get_files E:/Grade4th/XilinxSchool/Project/XilinxSummerSchool/Camera_Demo/Camera_Demo.srcs/sources_1/new/Clk_Division.v] -no_script -reset -force -quiet
remove_files  E:/Grade4th/XilinxSchool/Project/XilinxSummerSchool/Camera_Demo/Camera_Demo.srcs/sources_1/new/Clk_Division.v
export_ip_user_files -of_objects  [get_files E:/Grade4th/XilinxSchool/Project/XilinxSummerSchool/Camera_Demo/Camera_Demo.srcs/sources_1/new/Driver_SK6805.v] -no_script -reset -force -quiet
remove_files  E:/Grade4th/XilinxSchool/Project/XilinxSummerSchool/Camera_Demo/Camera_Demo.srcs/sources_1/new/Driver_SK6805.v
export_ip_user_files -of_objects  [get_files E:/Grade4th/XilinxSchool/Project/XilinxSummerSchool/Camera_Demo/Camera_Demo.srcs/sources_1/new/LED_Demo.v] -no_script -reset -force -quiet
remove_files  E:/Grade4th/XilinxSchool/Project/XilinxSummerSchool/Camera_Demo/Camera_Demo.srcs/sources_1/new/LED_Demo.v
export_ip_user_files -of_objects  [get_files E:/Grade4th/XilinxSchool/Project/XilinxSummerSchool/Camera_Demo/Camera_Demo.srcs/sources_1/new/RGB_LED_Task.v] -no_script -reset -force -quiet
remove_files  E:/Grade4th/XilinxSchool/Project/XilinxSummerSchool/Camera_Demo/Camera_Demo.srcs/sources_1/new/RGB_LED_Task.v
reset_run synth_1
launch_runs synth_1 -jobs 4
[Thu Jul 30 20:57:06 2020] Launched synth_1...
Run output will be captured here: E:/Grade4th/XilinxSchool/Project/XilinxSummerSchool/Camera_Demo/Camera_Demo/Camera_Demo.runs/synth_1/runme.log
launch_runs impl_1 -jobs 4
[Thu Jul 30 20:58:00 2020] Launched impl_1...
Run output will be captured here: E:/Grade4th/XilinxSchool/Project/XilinxSummerSchool/Camera_Demo/Camera_Demo/Camera_Demo.runs/impl_1/runme.log
launch_runs impl_1 -to_step write_bitstream -jobs 4
[Thu Jul 30 20:59:04 2020] Launched impl_1...
Run output will be captured here: E:/Grade4th/XilinxSchool/Project/XilinxSummerSchool/Camera_Demo/Camera_Demo/Camera_Demo.runs/impl_1/runme.log
reset_run synth_1
launch_runs synth_1 -jobs 4
[Thu Jul 30 21:02:06 2020] Launched synth_1...
Run output will be captured here: E:/Grade4th/XilinxSchool/Project/XilinxSummerSchool/Camera_Demo/Camera_Demo/Camera_Demo.runs/synth_1/runme.log
launch_runs impl_1 -jobs 4
[Thu Jul 30 21:04:11 2020] Launched impl_1...
Run output will be captured here: E:/Grade4th/XilinxSchool/Project/XilinxSummerSchool/Camera_Demo/Camera_Demo/Camera_Demo.runs/impl_1/runme.log
launch_runs impl_1 -to_step write_bitstream -jobs 4
[Thu Jul 30 21:05:56 2020] Launched impl_1...
Run output will be captured here: E:/Grade4th/XilinxSchool/Project/XilinxSummerSchool/Camera_Demo/Camera_Demo/Camera_Demo.runs/impl_1/runme.log
reset_run synth_1
launch_runs synth_1 -jobs 4
[Thu Jul 30 21:15:40 2020] Launched synth_1...
Run output will be captured here: E:/Grade4th/XilinxSchool/Project/XilinxSummerSchool/Camera_Demo/Camera_Demo/Camera_Demo.runs/synth_1/runme.log
launch_runs impl_1 -jobs 4
[Thu Jul 30 21:16:47 2020] Launched impl_1...
Run output will be captured here: E:/Grade4th/XilinxSchool/Project/XilinxSummerSchool/Camera_Demo/Camera_Demo/Camera_Demo.runs/impl_1/runme.log
launch_runs impl_1 -to_step write_bitstream -jobs 4
[Thu Jul 30 21:18:17 2020] Launched impl_1...
Run output will be captured here: E:/Grade4th/XilinxSchool/Project/XilinxSummerSchool/Camera_Demo/Camera_Demo/Camera_Demo.runs/impl_1/runme.log
reset_run synth_1
launch_runs synth_1 -jobs 4
[Thu Jul 30 21:24:37 2020] Launched synth_1...
Run output will be captured here: E:/Grade4th/XilinxSchool/Project/XilinxSummerSchool/Camera_Demo/Camera_Demo/Camera_Demo.runs/synth_1/runme.log
launch_runs impl_1 -jobs 4
[Thu Jul 30 21:25:49 2020] Launched impl_1...
Run output will be captured here: E:/Grade4th/XilinxSchool/Project/XilinxSummerSchool/Camera_Demo/Camera_Demo/Camera_Demo.runs/impl_1/runme.log
launch_runs impl_1 -to_step write_bitstream -jobs 4
[Thu Jul 30 21:27:34 2020] Launched impl_1...
Run output will be captured here: E:/Grade4th/XilinxSchool/Project/XilinxSummerSchool/Camera_Demo/Camera_Demo/Camera_Demo.runs/impl_1/runme.log
reset_run synth_1
launch_runs synth_1 -jobs 4
[Thu Jul 30 22:31:06 2020] Launched synth_1...
Run output will be captured here: E:/Grade4th/XilinxSchool/Project/XilinxSummerSchool/Camera_Demo/Camera_Demo/Camera_Demo.runs/synth_1/runme.log
launch_runs impl_1 -jobs 4
[Thu Jul 30 22:32:38 2020] Launched impl_1...
Run output will be captured here: E:/Grade4th/XilinxSchool/Project/XilinxSummerSchool/Camera_Demo/Camera_Demo/Camera_Demo.runs/impl_1/runme.log
reset_run synth_1
launch_runs synth_1 -jobs 4
[Thu Jul 30 22:33:52 2020] Launched synth_1...
Run output will be captured here: E:/Grade4th/XilinxSchool/Project/XilinxSummerSchool/Camera_Demo/Camera_Demo/Camera_Demo.runs/synth_1/runme.log
launch_runs impl_1 -jobs 4
[Thu Jul 30 22:36:11 2020] Launched impl_1...
Run output will be captured here: E:/Grade4th/XilinxSchool/Project/XilinxSummerSchool/Camera_Demo/Camera_Demo/Camera_Demo.runs/impl_1/runme.log
launch_runs impl_1 -to_step write_bitstream -jobs 4
[Thu Jul 30 22:37:36 2020] Launched impl_1...
Run output will be captured here: E:/Grade4th/XilinxSchool/Project/XilinxSummerSchool/Camera_Demo/Camera_Demo/Camera_Demo.runs/impl_1/runme.log
set_property  ip_repo_paths  {e:/Grade4th/XilinxSchool/Project/XilinxSummerSchool/Camera_Demo/Camera_Demo/IP_Core e:/Grade4th/XilinxSchool/SEA-Tutorial/SEA-Tutorial/IP_Core/Driver-SK6805-IP E:/Grade4th/XilinxSchool/Project/XilinxSummerSchool/Camera_Demo/Camera_Demo/IP_Core/Colorful-LED.srcs} [current_project]
update_ip_catalog
INFO: [IP_Flow 19-234] Refreshing IP repositories
INFO: [IP_Flow 19-1700] Loaded user IP repository 'e:/Grade4th/XilinxSchool/Project/XilinxSummerSchool/Camera_Demo/Camera_Demo/IP_Core'.
INFO: [IP_Flow 19-1700] Loaded user IP repository 'e:/Grade4th/XilinxSchool/SEA-Tutorial/SEA-Tutorial/IP_Core/Driver-SK6805-IP'.
WARNING: [IP_Flow 19-3685] Ignored loading user repository 'e:/Grade4th/XilinxSchool/Project/XilinxSummerSchool/Camera_Demo/Camera_Demo/IP_Core/Colorful-LED.srcs'. The path is contained within another repository.
set_property  ip_repo_paths  {e:/Grade4th/XilinxSchool/Project/XilinxSummerSchool/Camera_Demo/Camera_Demo/IP_Core e:/Grade4th/XilinxSchool/SEA-Tutorial/SEA-Tutorial/IP_Core/Driver-SK6805-IP} [current_project]
update_ip_catalog
INFO: [IP_Flow 19-234] Refreshing IP repositories
INFO: [IP_Flow 19-1700] Loaded user IP repository 'e:/Grade4th/XilinxSchool/Project/XilinxSummerSchool/Camera_Demo/Camera_Demo/IP_Core'.
INFO: [IP_Flow 19-1700] Loaded user IP repository 'e:/Grade4th/XilinxSchool/SEA-Tutorial/SEA-Tutorial/IP_Core/Driver-SK6805-IP'.
update_ip_catalog -add_ip E:/Grade4th/XilinxSchool/Project/XilinxSummerSchool/Camera_Demo/Camera_Demo/IP_Core/Colorful-LED.srcs/component.xml -repo_path e:/Grade4th/XilinxSchool/Project/XilinxSummerSchool/Camera_Demo/Camera_Demo/IP_Core
WARNING: [IP_Flow 19-873] During add IP, the file e:/Grade4th/XilinxSchool/Grade4th/XilinxSchool/Project/Colorful-LED/Colorful-LED/Colorful-LED.srcs/constrs_1/new/system.xdc does not exist and was not copied.
WARNING: [IP_Flow 19-873] During add IP, the file e:/Grade4th/XilinxSchool/Grade4th/XilinxSchool/Project/Colorful-LED/Colorful-LED/Colorful-LED.srcs/sources_1/ip/Clk_Division_0/Clk_Division_0.xci does not exist and was not copied.
WARNING: [IP_Flow 19-873] During add IP, the file e:/Grade4th/XilinxSchool/Grade4th/XilinxSchool/Project/Colorful-LED/Colorful-LED/Colorful-LED.srcs/sources_1/ip/Driver_SK6805_0_1/Driver_SK6805_0.xci does not exist and was not copied.
WARNING: [IP_Flow 19-873] During add IP, the file e:/Grade4th/XilinxSchool/Grade4th/XilinxSchool/Project/Colorful-LED/Colorful-LED/Colorful-LED.srcs/sources_1/new/RGB_LED.v does not exist and was not copied.
WARNING: [IP_Flow 19-873] During add IP, the file e:/Grade4th/XilinxSchool/Grade4th/XilinxSchool/Project/Colorful-LED/Colorful-LED/Colorful-LED.srcs/sim_1/new/RGB_LED_tb.v does not exist and was not copied.
INFO: [IP_Flow 19-1655] Copied IP 'xilinx.com:user:RGB_LED:1.0' into repository 'e:/Grade4th/XilinxSchool/Project/XilinxSummerSchool/Camera_Demo/Camera_Demo/IP_Core' at e:/Grade4th/XilinxSchool/Project/XilinxSummerSchool/Camera_Demo/Camera_Demo/IP_Core/Colorful-LED.
INFO: [IP_Flow 19-725] Reloaded user IP repository 'e:/Grade4th/XilinxSchool/Project/XilinxSummerSchool/Camera_Demo/Camera_Demo/IP_Core'
CRITICAL WARNING: [IP_Flow 19-1663] Duplicate IP found for 'xilinx.com:user:RGB_LED:1.0'. The one found in IP location 'e:/Grade4th/XilinxSchool/Project/XilinxSummerSchool/Camera_Demo/Camera_Demo/IP_Core/Colorful-LED' will take precedence over the same IP in location e:/Grade4th/XilinxSchool/Project/XilinxSummerSchool/Camera_Demo/Camera_Demo/IP_Core/Colorful-LED.srcs
CRITICAL WARNING: [IP_Flow 19-1663] Duplicate IP found for 'xilinx.com:user:Driver_SK6805:1.0'. The one found in IP location 'e:/Grade4th/XilinxSchool/Project/XilinxSummerSchool/Camera_Demo/Camera_Demo/IP_Core/LED-IP/Driver-SK6805-IP/IP' will take precedence over the same IP in location e:/Grade4th/XilinxSchool/SEA-Tutorial/SEA-Tutorial/IP_Core/Driver-SK6805-IP/IP
set_property  ip_repo_paths  {e:/Grade4th/XilinxSchool/Project/XilinxSummerSchool/Camera_Demo/Camera_Demo/IP_Core e:/Grade4th/XilinxSchool/SEA-Tutorial/SEA-Tutorial/IP_Core/Driver-SK6805-IP E:/Grade4th/XilinxSchool/Project/XilinxSummerSchool/Camera_Demo/Camera_Demo/IP_Core/Colorful-LED.srcs} [current_project]
update_ip_catalog
INFO: [IP_Flow 19-234] Refreshing IP repositories
INFO: [IP_Flow 19-1700] Loaded user IP repository 'e:/Grade4th/XilinxSchool/Project/XilinxSummerSchool/Camera_Demo/Camera_Demo/IP_Core'.
INFO: [IP_Flow 19-1700] Loaded user IP repository 'e:/Grade4th/XilinxSchool/SEA-Tutorial/SEA-Tutorial/IP_Core/Driver-SK6805-IP'.
WARNING: [IP_Flow 19-3685] Ignored loading user repository 'e:/Grade4th/XilinxSchool/Project/XilinxSummerSchool/Camera_Demo/Camera_Demo/IP_Core/Colorful-LED.srcs'. The path is contained within another repository.
CRITICAL WARNING: [IP_Flow 19-1663] Duplicate IP found for 'xilinx.com:user:RGB_LED:1.0'. The one found in IP location 'e:/Grade4th/XilinxSchool/Project/XilinxSummerSchool/Camera_Demo/Camera_Demo/IP_Core/Colorful-LED' will take precedence over the same IP in location e:/Grade4th/XilinxSchool/Project/XilinxSummerSchool/Camera_Demo/Camera_Demo/IP_Core/Colorful-LED.srcs
CRITICAL WARNING: [IP_Flow 19-1663] Duplicate IP found for 'xilinx.com:user:Driver_SK6805:1.0'. The one found in IP location 'e:/Grade4th/XilinxSchool/Project/XilinxSummerSchool/Camera_Demo/Camera_Demo/IP_Core/LED-IP/Driver-SK6805-IP/IP' will take precedence over the same IP in location e:/Grade4th/XilinxSchool/SEA-Tutorial/SEA-Tutorial/IP_Core/Driver-SK6805-IP/IP
set_property  ip_repo_paths  {e:/Grade4th/XilinxSchool/Project/XilinxSummerSchool/Camera_Demo/Camera_Demo/IP_Core e:/Grade4th/XilinxSchool/SEA-Tutorial/SEA-Tutorial/IP_Core/Driver-SK6805-IP} [current_project]
update_ip_catalog
INFO: [IP_Flow 19-234] Refreshing IP repositories
INFO: [IP_Flow 19-1700] Loaded user IP repository 'e:/Grade4th/XilinxSchool/Project/XilinxSummerSchool/Camera_Demo/Camera_Demo/IP_Core'.
INFO: [IP_Flow 19-1700] Loaded user IP repository 'e:/Grade4th/XilinxSchool/SEA-Tutorial/SEA-Tutorial/IP_Core/Driver-SK6805-IP'.
CRITICAL WARNING: [IP_Flow 19-1663] Duplicate IP found for 'xilinx.com:user:RGB_LED:1.0'. The one found in IP location 'e:/Grade4th/XilinxSchool/Project/XilinxSummerSchool/Camera_Demo/Camera_Demo/IP_Core/Colorful-LED' will take precedence over the same IP in location e:/Grade4th/XilinxSchool/Project/XilinxSummerSchool/Camera_Demo/Camera_Demo/IP_Core/Colorful-LED.srcs
CRITICAL WARNING: [IP_Flow 19-1663] Duplicate IP found for 'xilinx.com:user:Driver_SK6805:1.0'. The one found in IP location 'e:/Grade4th/XilinxSchool/Project/XilinxSummerSchool/Camera_Demo/Camera_Demo/IP_Core/LED-IP/Driver-SK6805-IP/IP' will take precedence over the same IP in location e:/Grade4th/XilinxSchool/SEA-Tutorial/SEA-Tutorial/IP_Core/Driver-SK6805-IP/IP
set_property  ip_repo_paths  e:/Grade4th/XilinxSchool/Project/XilinxSummerSchool/Camera_Demo/Camera_Demo/IP_Core [current_project]
update_ip_catalog
INFO: [IP_Flow 19-234] Refreshing IP repositories
INFO: [IP_Flow 19-1700] Loaded user IP repository 'e:/Grade4th/XilinxSchool/Project/XilinxSummerSchool/Camera_Demo/Camera_Demo/IP_Core'.
CRITICAL WARNING: [IP_Flow 19-1663] Duplicate IP found for 'xilinx.com:user:RGB_LED:1.0'. The one found in IP location 'e:/Grade4th/XilinxSchool/Project/XilinxSummerSchool/Camera_Demo/Camera_Demo/IP_Core/Colorful-LED' will take precedence over the same IP in location e:/Grade4th/XilinxSchool/Project/XilinxSummerSchool/Camera_Demo/Camera_Demo/IP_Core/Colorful-LED.srcs
update_ip_catalog -add_ip E:/Grade4th/XilinxSchool/Project/XilinxSummerSchool/Camera_Demo/Camera_Demo/IP_Core/Colorful-LED.srcs/component.xml -repo_path e:/Grade4th/XilinxSchool/Project/XilinxSummerSchool/Camera_Demo/Camera_Demo/IP_Core
WARNING: [IP_Flow 19-873] During add IP, the file e:/Grade4th/XilinxSchool/Grade4th/XilinxSchool/Project/Colorful-LED/Colorful-LED/Colorful-LED.srcs/constrs_1/new/system.xdc does not exist and was not copied.
WARNING: [IP_Flow 19-873] During add IP, the file e:/Grade4th/XilinxSchool/Grade4th/XilinxSchool/Project/Colorful-LED/Colorful-LED/Colorful-LED.srcs/sources_1/ip/Clk_Division_0/Clk_Division_0.xci does not exist and was not copied.
WARNING: [IP_Flow 19-873] During add IP, the file e:/Grade4th/XilinxSchool/Grade4th/XilinxSchool/Project/Colorful-LED/Colorful-LED/Colorful-LED.srcs/sources_1/ip/Driver_SK6805_0_1/Driver_SK6805_0.xci does not exist and was not copied.
WARNING: [IP_Flow 19-873] During add IP, the file e:/Grade4th/XilinxSchool/Grade4th/XilinxSchool/Project/Colorful-LED/Colorful-LED/Colorful-LED.srcs/sources_1/new/RGB_LED.v does not exist and was not copied.
WARNING: [IP_Flow 19-873] During add IP, the file e:/Grade4th/XilinxSchool/Grade4th/XilinxSchool/Project/Colorful-LED/Colorful-LED/Colorful-LED.srcs/sim_1/new/RGB_LED_tb.v does not exist and was not copied.
INFO: [IP_Flow 19-1655] Copied IP 'xilinx.com:user:RGB_LED:1.0' into repository 'e:/Grade4th/XilinxSchool/Project/XilinxSummerSchool/Camera_Demo/Camera_Demo/IP_Core' at e:/Grade4th/XilinxSchool/Project/XilinxSummerSchool/Camera_Demo/Camera_Demo/IP_Core/Colorful-LED_1.
INFO: [IP_Flow 19-725] Reloaded user IP repository 'e:/Grade4th/XilinxSchool/Project/XilinxSummerSchool/Camera_Demo/Camera_Demo/IP_Core'
CRITICAL WARNING: [IP_Flow 19-1663] Duplicate IP found for 'xilinx.com:user:RGB_LED:1.0'. The one found in IP location 'e:/Grade4th/XilinxSchool/Project/XilinxSummerSchool/Camera_Demo/Camera_Demo/IP_Core/Colorful-LED' will take precedence over the same IP in locations: 
   e:/Grade4th/XilinxSchool/Project/XilinxSummerSchool/Camera_Demo/Camera_Demo/IP_Core/Colorful-LED.srcs
   e:/Grade4th/XilinxSchool/Project/XilinxSummerSchool/Camera_Demo/Camera_Demo/IP_Core/Colorful-LED_1
create_ip -name RGB_LED -vendor xilinx.com -library user -version 1.0 -module_name RGB_LED_0 -dir e:/Grade4th/XilinxSchool/Project/XilinxSummerSchool/Camera_Demo/Camera_Demo/Camera_Demo.srcs/sources_1/ip
generate_target {instantiation_template} [get_files e:/Grade4th/XilinxSchool/Project/XilinxSummerSchool/Camera_Demo/Camera_Demo/Camera_Demo.srcs/sources_1/ip/RGB_LED_0/RGB_LED_0.xci]
INFO: [IP_Flow 19-1686] Generating 'Instantiation Template' target for IP 'RGB_LED_0'...
generate_target all [get_files  e:/Grade4th/XilinxSchool/Project/XilinxSummerSchool/Camera_Demo/Camera_Demo/Camera_Demo.srcs/sources_1/ip/RGB_LED_0/RGB_LED_0.xci]
INFO: [IP_Flow 19-1686] Generating 'Synthesis' target for IP 'RGB_LED_0'...
CRITICAL WARNING: [IP_Flow 19-663] Failed to copy file 'e:/Grade4th/XilinxSchool/Grade4th/XilinxSchool/Project/Colorful-LED/Colorful-LED/Colorful-LED.srcs/constrs_1/new/system.xdc', it does not exist.
CRITICAL WARNING: [IP_Flow 19-157] Failed to copy file from 'e:/Grade4th/XilinxSchool/Grade4th/XilinxSchool/Project/Colorful-LED/Colorful-LED/Colorful-LED.srcs/constrs_1/new/system.xdc' to 'e:/Grade4th/XilinxSchool/Project/XilinxSummerSchool/Grade4th/XilinxSchool/Project/Colorful-LED/Colorful-LED/Colorful-LED.srcs/constrs_1/new/system.xdc'.
CRITICAL WARNING: [IP_Flow 19-663] Failed to copy file 'e:/Grade4th/XilinxSchool/Grade4th/XilinxSchool/Project/Colorful-LED/Colorful-LED/Colorful-LED.srcs/sources_1/ip/Clk_Division_0/Clk_Division_0.xci', it does not exist.
CRITICAL WARNING: [IP_Flow 19-157] Failed to copy file from 'e:/Grade4th/XilinxSchool/Grade4th/XilinxSchool/Project/Colorful-LED/Colorful-LED/Colorful-LED.srcs/sources_1/ip/Clk_Division_0/Clk_Division_0.xci' to 'e:/Grade4th/XilinxSchool/Project/XilinxSummerSchool/Grade4th/XilinxSchool/Project/Colorful-LED/Colorful-LED/Colorful-LED.srcs/sources_1/ip/Clk_Division_0/Clk_Division_0.xci'.
CRITICAL WARNING: [IP_Flow 19-663] Failed to copy file 'e:/Grade4th/XilinxSchool/Grade4th/XilinxSchool/Project/Colorful-LED/Colorful-LED/Colorful-LED.srcs/sources_1/ip/Driver_SK6805_0_1/Driver_SK6805_0.xci', it does not exist.
CRITICAL WARNING: [IP_Flow 19-157] Failed to copy file from 'e:/Grade4th/XilinxSchool/Grade4th/XilinxSchool/Project/Colorful-LED/Colorful-LED/Colorful-LED.srcs/sources_1/ip/Driver_SK6805_0_1/Driver_SK6805_0.xci' to 'e:/Grade4th/XilinxSchool/Project/XilinxSummerSchool/Grade4th/XilinxSchool/Project/Colorful-LED/Colorful-LED/Colorful-LED.srcs/sources_1/ip/Driver_SK6805_0_1/Driver_SK6805_0.xci'.
CRITICAL WARNING: [IP_Flow 19-663] Failed to copy file 'e:/Grade4th/XilinxSchool/Grade4th/XilinxSchool/Project/Colorful-LED/Colorful-LED/Colorful-LED.srcs/sources_1/new/RGB_LED.v', it does not exist.
CRITICAL WARNING: [IP_Flow 19-157] Failed to copy file from 'e:/Grade4th/XilinxSchool/Grade4th/XilinxSchool/Project/Colorful-LED/Colorful-LED/Colorful-LED.srcs/sources_1/new/RGB_LED.v' to 'e:/Grade4th/XilinxSchool/Project/XilinxSummerSchool/Grade4th/XilinxSchool/Project/Colorful-LED/Colorful-LED/Colorful-LED.srcs/sources_1/new/RGB_LED.v'.
ERROR: [IP_Flow 19-167] Failed to deliver one or more file(s).
ERROR: [IP_Flow 19-3505] IP Generation error: Failed to generate IP 'RGB_LED_0'. Failed to generate 'Synthesis' outputs: 
ERROR: [IP_Flow 19-98] Generation of the IP CORE failed.
Failed to generate IP 'RGB_LED_0'. Failed to generate 'Synthesis' outputs: 
update_compile_order -fileset sources_1
export_ip_user_files -of_objects  [get_files e:/Grade4th/XilinxSchool/Project/XilinxSummerSchool/Camera_Demo/Camera_Demo/Camera_Demo.srcs/sources_1/ip/RGB_LED_0/RGB_LED_0.xci] -no_script -reset -force -quiet
remove_files  e:/Grade4th/XilinxSchool/Project/XilinxSummerSchool/Camera_Demo/Camera_Demo/Camera_Demo.srcs/sources_1/ip/RGB_LED_0/RGB_LED_0.xci
update_ip_catalog -add_ip E:/Grade4th/XilinxSchool/Project/Colorful-LED/Colorful-LED/Colorful-LED.srcs/component.xml -repo_path e:/Grade4th/XilinxSchool/Project/XilinxSummerSchool/Camera_Demo/Camera_Demo/IP_Core
INFO: [IP_Flow 19-1655] Copied IP 'xilinx.com:user:RGB_LED:1.0' into repository 'e:/Grade4th/XilinxSchool/Project/XilinxSummerSchool/Camera_Demo/Camera_Demo/IP_Core' at e:/Grade4th/XilinxSchool/Project/XilinxSummerSchool/Camera_Demo/Camera_Demo/IP_Core/Colorful-LED_2.
INFO: [IP_Flow 19-725] Reloaded user IP repository 'e:/Grade4th/XilinxSchool/Project/XilinxSummerSchool/Camera_Demo/Camera_Demo/IP_Core'
CRITICAL WARNING: [IP_Flow 19-1663] Duplicate IP found for 'xilinx.com:user:RGB_LED:1.0'. The one found in IP location 'e:/Grade4th/XilinxSchool/Project/XilinxSummerSchool/Camera_Demo/Camera_Demo/IP_Core/Colorful-LED_2' will take precedence over the same IP in locations: 
   e:/Grade4th/XilinxSchool/Project/XilinxSummerSchool/Camera_Demo/Camera_Demo/IP_Core/Colorful-LED
   e:/Grade4th/XilinxSchool/Project/XilinxSummerSchool/Camera_Demo/Camera_Demo/IP_Core/Colorful-LED.srcs
   e:/Grade4th/XilinxSchool/Project/XilinxSummerSchool/Camera_Demo/Camera_Demo/IP_Core/Colorful-LED_1
update_ip_catalog -delete_ip xilinx.com:user:RGB_LED:1.0 -repo_path e:/Grade4th/XilinxSchool/Project/XilinxSummerSchool/Camera_Demo/Camera_Demo/IP_Core
INFO: [IP_Flow 19-1659] Deleted IP 'xilinx.com:user:RGB_LED:1.0' from repository 'e:/Grade4th/XilinxSchool/Project/XilinxSummerSchool/Camera_Demo/Camera_Demo/IP_Core' at e:/Grade4th/XilinxSchool/Project/XilinxSummerSchool/Camera_Demo/Camera_Demo/IP_Core/Colorful-LED_2.
INFO: [IP_Flow 19-725] Reloaded user IP repository 'e:/Grade4th/XilinxSchool/Project/XilinxSummerSchool/Camera_Demo/Camera_Demo/IP_Core'
CRITICAL WARNING: [IP_Flow 19-1663] Duplicate IP found for 'xilinx.com:user:RGB_LED:1.0'. The one found in IP location 'e:/Grade4th/XilinxSchool/Project/XilinxSummerSchool/Camera_Demo/Camera_Demo/IP_Core/Colorful-LED' will take precedence over the same IP in locations: 
   e:/Grade4th/XilinxSchool/Project/XilinxSummerSchool/Camera_Demo/Camera_Demo/IP_Core/Colorful-LED.srcs
   e:/Grade4th/XilinxSchool/Project/XilinxSummerSchool/Camera_Demo/Camera_Demo/IP_Core/Colorful-LED_1
update_ip_catalog -add_ip E:/Grade4th/XilinxSchool/Project/Colorful-LED/Colorful-LED/Colorful-LED.srcs/component.xml -repo_path e:/Grade4th/XilinxSchool/Project/XilinxSummerSchool/Camera_Demo/Camera_Demo/IP_Core
INFO: [IP_Flow 19-1655] Copied IP 'xilinx.com:user:RGB_LED:1.0' into repository 'e:/Grade4th/XilinxSchool/Project/XilinxSummerSchool/Camera_Demo/Camera_Demo/IP_Core' at e:/Grade4th/XilinxSchool/Project/XilinxSummerSchool/Camera_Demo/Camera_Demo/IP_Core/Colorful-LED_2.
INFO: [IP_Flow 19-725] Reloaded user IP repository 'e:/Grade4th/XilinxSchool/Project/XilinxSummerSchool/Camera_Demo/Camera_Demo/IP_Core'
CRITICAL WARNING: [IP_Flow 19-1663] Duplicate IP found for 'xilinx.com:user:RGB_LED:1.0'. The one found in IP location 'e:/Grade4th/XilinxSchool/Project/XilinxSummerSchool/Camera_Demo/Camera_Demo/IP_Core/Colorful-LED_2' will take precedence over the same IP in locations: 
   e:/Grade4th/XilinxSchool/Project/XilinxSummerSchool/Camera_Demo/Camera_Demo/IP_Core/Colorful-LED
   e:/Grade4th/XilinxSchool/Project/XilinxSummerSchool/Camera_Demo/Camera_Demo/IP_Core/Colorful-LED.srcs
   e:/Grade4th/XilinxSchool/Project/XilinxSummerSchool/Camera_Demo/Camera_Demo/IP_Core/Colorful-LED_1
create_ip -name RGB_LED -vendor xilinx.com -library user -version 1.0 -module_name RGB_LED_0 -dir e:/Grade4th/XilinxSchool/Project/XilinxSummerSchool/Camera_Demo/Camera_Demo/Camera_Demo.srcs/sources_1/ip
generate_target {instantiation_template} [get_files e:/Grade4th/XilinxSchool/Project/XilinxSummerSchool/Camera_Demo/Camera_Demo/Camera_Demo.srcs/sources_1/ip/RGB_LED_0_1/RGB_LED_0.xci]
INFO: [IP_Flow 19-1686] Generating 'Instantiation Template' target for IP 'RGB_LED_0'...
generate_target all [get_files  e:/Grade4th/XilinxSchool/Project/XilinxSummerSchool/Camera_Demo/Camera_Demo/Camera_Demo.srcs/sources_1/ip/RGB_LED_0_1/RGB_LED_0.xci]
INFO: [IP_Flow 19-1686] Generating 'Synthesis' target for IP 'RGB_LED_0'...
INFO: [IP_Flow 19-1686] Generating 'Simulation' target for IP 'RGB_LED_0'...
INFO: [IP_Flow 19-1686] Generating 'Test Bench' target for IP 'RGB_LED_0'...
catch { config_ip_cache -export [get_ips -all RGB_LED_0] }
export_ip_user_files -of_objects [get_files e:/Grade4th/XilinxSchool/Project/XilinxSummerSchool/Camera_Demo/Camera_Demo/Camera_Demo.srcs/sources_1/ip/RGB_LED_0_1/RGB_LED_0.xci] -no_script -sync -force -quiet
create_ip_run [get_files -of_objects [get_fileset sources_1] e:/Grade4th/XilinxSchool/Project/XilinxSummerSchool/Camera_Demo/Camera_Demo/Camera_Demo.srcs/sources_1/ip/RGB_LED_0_1/RGB_LED_0.xci]
launch_runs -jobs 4 RGB_LED_0_synth_1
[Thu Jul 30 22:56:52 2020] Launched RGB_LED_0_synth_1...
Run output will be captured here: E:/Grade4th/XilinxSchool/Project/XilinxSummerSchool/Camera_Demo/Camera_Demo/Camera_Demo.runs/RGB_LED_0_synth_1/runme.log
export_simulation -of_objects [get_files e:/Grade4th/XilinxSchool/Project/XilinxSummerSchool/Camera_Demo/Camera_Demo/Camera_Demo.srcs/sources_1/ip/RGB_LED_0_1/RGB_LED_0.xci] -directory E:/Grade4th/XilinxSchool/Project/XilinxSummerSchool/Camera_Demo/Camera_Demo/Camera_Demo.ip_user_files/sim_scripts -ip_user_files_dir E:/Grade4th/XilinxSchool/Project/XilinxSummerSchool/Camera_Demo/Camera_Demo/Camera_Demo.ip_user_files -ipstatic_source_dir E:/Grade4th/XilinxSchool/Project/XilinxSummerSchool/Camera_Demo/Camera_Demo/Camera_Demo.ip_user_files/ipstatic -lib_map_path [list {modelsim=E:/Grade4th/XilinxSchool/Project/XilinxSummerSchool/Camera_Demo/Camera_Demo/Camera_Demo.cache/compile_simlib/modelsim} {questa=E:/Grade4th/XilinxSchool/Project/XilinxSummerSchool/Camera_Demo/Camera_Demo/Camera_Demo.cache/compile_simlib/questa} {riviera=E:/Grade4th/XilinxSchool/Project/XilinxSummerSchool/Camera_Demo/Camera_Demo/Camera_Demo.cache/compile_simlib/riviera} {activehdl=E:/Grade4th/XilinxSchool/Project/XilinxSummerSchool/Camera_Demo/Camera_Demo/Camera_Demo.cache/compile_simlib/activehdl}] -use_ip_compiled_libs -force -quiet
reset_run synth_1
launch_runs synth_1 -jobs 4
[Thu Jul 30 23:00:18 2020] Launched synth_1...
Run output will be captured here: E:/Grade4th/XilinxSchool/Project/XilinxSummerSchool/Camera_Demo/Camera_Demo/Camera_Demo.runs/synth_1/runme.log
launch_runs impl_1 -jobs 4
[Thu Jul 30 23:01:12 2020] Launched impl_1...
Run output will be captured here: E:/Grade4th/XilinxSchool/Project/XilinxSummerSchool/Camera_Demo/Camera_Demo/Camera_Demo.runs/impl_1/runme.log
launch_runs impl_1 -to_step write_bitstream -jobs 4
[Thu Jul 30 23:03:00 2020] Launched impl_1...
Run output will be captured here: E:/Grade4th/XilinxSchool/Project/XilinxSummerSchool/Camera_Demo/Camera_Demo/Camera_Demo.runs/impl_1/runme.log
reset_run synth_1
launch_runs synth_1 -jobs 4
[Thu Jul 30 23:07:14 2020] Launched synth_1...
Run output will be captured here: E:/Grade4th/XilinxSchool/Project/XilinxSummerSchool/Camera_Demo/Camera_Demo/Camera_Demo.runs/synth_1/runme.log
launch_runs impl_1 -jobs 4
[Thu Jul 30 23:08:53 2020] Launched impl_1...
Run output will be captured here: E:/Grade4th/XilinxSchool/Project/XilinxSummerSchool/Camera_Demo/Camera_Demo/Camera_Demo.runs/impl_1/runme.log
launch_runs impl_1 -to_step write_bitstream -jobs 4
[Thu Jul 30 23:10:43 2020] Launched impl_1...
Run output will be captured here: E:/Grade4th/XilinxSchool/Project/XilinxSummerSchool/Camera_Demo/Camera_Demo/Camera_Demo.runs/impl_1/runme.log
reset_run synth_1
launch_runs synth_1 -jobs 4
[Thu Jul 30 23:24:19 2020] Launched synth_1...
Run output will be captured here: E:/Grade4th/XilinxSchool/Project/XilinxSummerSchool/Camera_Demo/Camera_Demo/Camera_Demo.runs/synth_1/runme.log
launch_runs impl_1 -jobs 4
[Thu Jul 30 23:25:47 2020] Launched impl_1...
Run output will be captured here: E:/Grade4th/XilinxSchool/Project/XilinxSummerSchool/Camera_Demo/Camera_Demo/Camera_Demo.runs/impl_1/runme.log
launch_runs impl_1 -to_step write_bitstream -jobs 4
[Thu Jul 30 23:27:25 2020] Launched impl_1...
Run output will be captured here: E:/Grade4th/XilinxSchool/Project/XilinxSummerSchool/Camera_Demo/Camera_Demo/Camera_Demo.runs/impl_1/runme.log
reset_run synth_1
launch_runs synth_1 -jobs 4
[Thu Jul 30 23:30:36 2020] Launched synth_1...
Run output will be captured here: E:/Grade4th/XilinxSchool/Project/XilinxSummerSchool/Camera_Demo/Camera_Demo/Camera_Demo.runs/synth_1/runme.log
launch_runs impl_1 -jobs 4
[Thu Jul 30 23:31:39 2020] Launched impl_1...
Run output will be captured here: E:/Grade4th/XilinxSchool/Project/XilinxSummerSchool/Camera_Demo/Camera_Demo/Camera_Demo.runs/impl_1/runme.log
launch_runs impl_1 -to_step write_bitstream -jobs 4
[Thu Jul 30 23:32:55 2020] Launched impl_1...
Run output will be captured here: E:/Grade4th/XilinxSchool/Project/XilinxSummerSchool/Camera_Demo/Camera_Demo/Camera_Demo.runs/impl_1/runme.log
reset_run synth_1
launch_runs synth_1 -jobs 4
[Thu Jul 30 23:40:41 2020] Launched synth_1...
Run output will be captured here: E:/Grade4th/XilinxSchool/Project/XilinxSummerSchool/Camera_Demo/Camera_Demo/Camera_Demo.runs/synth_1/runme.log
launch_runs impl_1 -jobs 4
[Thu Jul 30 23:41:37 2020] Launched impl_1...
Run output will be captured here: E:/Grade4th/XilinxSchool/Project/XilinxSummerSchool/Camera_Demo/Camera_Demo/Camera_Demo.runs/impl_1/runme.log
launch_runs impl_1 -to_step write_bitstream -jobs 4
[Thu Jul 30 23:43:29 2020] Launched impl_1...
Run output will be captured here: E:/Grade4th/XilinxSchool/Project/XilinxSummerSchool/Camera_Demo/Camera_Demo/Camera_Demo.runs/impl_1/runme.log
exit
INFO: [Common 17-206] Exiting Vivado at Thu Jul 30 23:51:45 2020...
